Flow report for OV5640_SDRAM
Fri Jun 01 20:08:46 2018
Quartus Prime Version 16.1.0 Build 196 10/24/2016 SJ Standard Edition


---------------------
; Table of Contents ;
---------------------
  1. Legal Notice
  2. Flow Summary
  3. Flow Settings
  4. Flow Non-Default Global Settings
  5. Flow Elapsed Time
  6. Flow OS Summary
  7. Flow Log
  8. Flow Messages
  9. Flow Suppressed Messages



----------------
; Legal Notice ;
----------------
Copyright (C) 2016  Intel Corporation. All rights reserved.
Your use of Intel Corporation's design tools, logic functions 
and other software and tools, and its AMPP partner logic 
functions, and any output files from any of the foregoing 
(including device programming or simulation files), and any 
associated documentation or information are expressly subject 
to the terms and conditions of the Intel Program License 
Subscription Agreement, the Intel Quartus Prime License Agreement,
the Intel MegaCore Function License Agreement, or other 
applicable license agreement, including, without limitation, 
that your use is for the sole purpose of programming logic 
devices manufactured by Intel and sold by Intel or its 
authorized distributors.  Please refer to the applicable 
agreement for further details.



+--------------------------------------------------------------------------------------+
; Flow Summary                                                                         ;
+------------------------------------+-------------------------------------------------+
; Flow Status                        ; Successful - Fri Jun 01 20:08:46 2018           ;
; Quartus Prime Version              ; 16.1.0 Build 196 10/24/2016 SJ Standard Edition ;
; Revision Name                      ; OV5640_SDRAM                                    ;
; Top-level Entity Name              ; OV5640_SDRAM                                    ;
; Family                             ; Cyclone IV E                                    ;
; Device                             ; EP4CE10F17C8                                    ;
; Timing Models                      ; Final                                           ;
; Total logic elements               ; 1,847 / 10,320 ( 18 % )                         ;
;     Total combinational functions  ; 1,653 / 10,320 ( 16 % )                         ;
;     Dedicated logic registers      ; 887 / 10,320 ( 9 % )                            ;
; Total registers                    ; 887                                             ;
; Total pins                         ; 81 / 180 ( 45 % )                               ;
; Total virtual pins                 ; 0                                               ;
; Total memory bits                  ; 37,344 / 423,936 ( 9 % )                        ;
; Embedded Multiplier 9-bit elements ; 4 / 46 ( 9 % )                                  ;
; Total PLLs                         ; 1 / 2 ( 50 % )                                  ;
+------------------------------------+-------------------------------------------------+


+-----------------------------------------+
; Flow Settings                           ;
+-------------------+---------------------+
; Option            ; Setting             ;
+-------------------+---------------------+
; Start date & time ; 06/01/2018 20:06:38 ;
; Main task         ; Compilation         ;
; Revision Name     ; OV5640_SDRAM        ;
+-------------------+---------------------+


+-----------------------------------------------------------------------------------------------------------------------------+
; Flow Non-Default Global Settings                                                                                            ;
+-------------------------------------+----------------------------------------+---------------+-------------+----------------+
; Assignment Name                     ; Value                                  ; Default Value ; Entity Name ; Section Id     ;
+-------------------------------------+----------------------------------------+---------------+-------------+----------------+
; COMPILER_SIGNATURE_ID               ; 44883559769548.152785479714992         ; --            ; --          ; --             ;
; EDA_OUTPUT_DATA_FORMAT              ; Verilog Hdl                            ; --            ; --          ; eda_simulation ;
; EDA_SIMULATION_TOOL                 ; ModelSim-Altera (Verilog)              ; <None>        ; --          ; --             ;
; MAX_CORE_JUNCTION_TEMP              ; 85                                     ; --            ; --          ; --             ;
; MIN_CORE_JUNCTION_TEMP              ; 0                                      ; --            ; --          ; --             ;
; MISC_FILE                           ; rtl/Sobel/SQRT_inst.v                  ; --            ; --          ; --             ;
; MISC_FILE                           ; rtl/Sobel/SQRT_bb.v                    ; --            ; --          ; --             ;
; MISC_FILE                           ; rtl/Sobel/RAM_SHIFT_inst.v             ; --            ; --          ; --             ;
; MISC_FILE                           ; pll_bb.v                               ; --            ; --          ; --             ;
; MISC_FILE                           ; pll.ppf                                ; --            ; --          ; --             ;
; NOMINAL_CORE_SUPPLY_VOLTAGE         ; 1.2V                                   ; --            ; --          ; --             ;
; PARTITION_COLOR                     ; -- (Not supported for targeted family) ; --            ; --          ; Top            ;
; PARTITION_FITTER_PRESERVATION_LEVEL ; -- (Not supported for targeted family) ; --            ; --          ; Top            ;
; PARTITION_NETLIST_TYPE              ; -- (Not supported for targeted family) ; --            ; --          ; Top            ;
; POWER_BOARD_THERMAL_MODEL           ; None (CONSERVATIVE)                    ; --            ; --          ; --             ;
; POWER_PRESET_COOLING_SOLUTION       ; 23 MM HEAT SINK WITH 200 LFPM AIRFLOW  ; --            ; --          ; --             ;
; PROJECT_OUTPUT_DIRECTORY            ; output_files                           ; --            ; --          ; --             ;
+-------------------------------------+----------------------------------------+---------------+-------------+----------------+


+-------------------------------------------------------------------------------------------------------------------------------+
; Flow Elapsed Time                                                                                                             ;
+---------------------------+--------------+-------------------------+---------------------+------------------------------------+
; Module Name               ; Elapsed Time ; Average Processors Used ; Peak Virtual Memory ; Total CPU Time (on all processors) ;
+---------------------------+--------------+-------------------------+---------------------+------------------------------------+
; Analysis & Synthesis      ; 00:00:59     ; 1.0                     ; 4806 MB             ; 00:01:15                           ;
; Fitter                    ; 00:00:39     ; 1.0                     ; 5391 MB             ; 00:00:25                           ;
; Assembler                 ; 00:00:03     ; 1.0                     ; 4694 MB             ; 00:00:02                           ;
; TimeQuest Timing Analyzer ; 00:00:06     ; 1.1                     ; 4780 MB             ; 00:00:05                           ;
; EDA Netlist Writer        ; 00:00:05     ; 1.0                     ; 4692 MB             ; 00:00:05                           ;
; Total                     ; 00:01:52     ; --                      ; --                  ; 00:01:52                           ;
+---------------------------+--------------+-------------------------+---------------------+------------------------------------+


+-----------------------------------------------------------------------------------------+
; Flow OS Summary                                                                         ;
+---------------------------+------------------+------------+------------+----------------+
; Module Name               ; Machine Hostname ; OS Name    ; OS Version ; Processor type ;
+---------------------------+------------------+------------+------------+----------------+
; Analysis & Synthesis      ; qiufulin         ; Windows 10 ; 10.0       ; x86_64         ;
; Fitter                    ; qiufulin         ; Windows 10 ; 10.0       ; x86_64         ;
; Assembler                 ; qiufulin         ; Windows 10 ; 10.0       ; x86_64         ;
; TimeQuest Timing Analyzer ; qiufulin         ; Windows 10 ; 10.0       ; x86_64         ;
; EDA Netlist Writer        ; qiufulin         ; Windows 10 ; 10.0       ; x86_64         ;
+---------------------------+------------------+------------+------------+----------------+


------------
; Flow Log ;
------------
quartus_map --read_settings_files=on --write_settings_files=off OV5640_SDRAM -c OV5640_SDRAM
quartus_fit --read_settings_files=off --write_settings_files=off OV5640_SDRAM -c OV5640_SDRAM
quartus_asm --read_settings_files=off --write_settings_files=off OV5640_SDRAM -c OV5640_SDRAM
quartus_sta OV5640_SDRAM -c OV5640_SDRAM
quartus_eda --read_settings_files=off --write_settings_files=off OV5640_SDRAM -c OV5640_SDRAM



